<?xml version="1.0" encoding="UTF-8"?>
<testng-results ignored="0" total="1" passed="1" failed="0" skipped="0">
  <reporter-output>
  </reporter-output>
  <suite started-at="2024-06-29T16:54:19 IST" name="Default suite" finished-at="2024-06-29T16:54:21 IST" duration-ms="2310">
    <groups>
    </groups>
    <test started-at="2024-06-29T16:54:19 IST" name="Default test" finished-at="2024-06-29T16:54:21 IST" duration-ms="2310">
      <class name="day1.HttpReq">
        <test-method signature="getUser()[pri:0, instance:day1.HttpReq@242b836]" started-at="2024-06-29T16:54:19 IST" name="getUser" finished-at="2024-06-29T16:54:21 IST" duration-ms="2250" status="PASS">
          <reporter-output>
          </reporter-output>
        </test-method> <!-- getUser -->
      </class> <!-- day1.HttpReq -->
    </test> <!-- Default test -->
  </suite> <!-- Default suite -->
</testng-results>
